LOG CLIENT UDP
=============================================================================
Inicio da execução: programa que calcula métricas TCP lado cliente
Vinícius Yuji Hara e Eduardo Gabriel Kenzo Tanaka - Diciplina Redes de Computadores 2

Abrindo arquivo '100mb.txt' e preparando para receber os pacotes...
Recebendo pacotes de tamanho 100...
Acabou a transmissão
Tempo de recebimento UDP de um arquivo: 0.03118 segundos
Número de pacotes recebidos: 8855
Transmissão finalizada
=============================================================================

=============================================================================
Inicio da execução: programa que calcula métricas TCP lado cliente
Vinícius Yuji Hara e Eduardo Gabriel Kenzo Tanaka - Diciplina Redes de Computadores 2

Abrindo arquivo '100mb.txt' e preparando para receber os pacotes...
Recebendo pacotes de tamanho 100...
Ocorreu Timeout
Acabou a transmissão
Tempo de recebimento UDP de um arquivo: 5.0455 segundos
Número de pacotes recebidos: 8214
Transmissão finalizada
=============================================================================

