LOG CLIENT UDP
=============================================================================
Inicio da execução: programa que calcula métricas TCP lado cliente
Vinícius Yuji Hara e Eduardo Gabriel Kenzo Tanaka - Diciplina Redes de Computadores 2

Abrindo arquivo '100mb.txt' e preparando para receber os pacotes...
Recebendo pacotes de tamanho 1500...
Acabou a transmissão
Tempo de recebimento UDP de um arquivo: 0.00311 segundos
Número de pacotes recebidos: 668
Transmissão finalizada
=============================================================================

=============================================================================
Inicio da execução: programa que calcula métricas TCP lado cliente
Vinícius Yuji Hara e Eduardo Gabriel Kenzo Tanaka - Diciplina Redes de Computadores 2

Abrindo arquivo '100mb.txt' e preparando para receber os pacotes...
Recebendo pacotes de tamanho 1500...
Acabou a transmissão
Tempo de recebimento UDP de um arquivo: 0.00264 segundos
Número de pacotes recebidos: 475
Transmissão finalizada
=============================================================================

=============================================================================
Inicio da execução: programa que calcula métricas TCP lado cliente
Vinícius Yuji Hara e Eduardo Gabriel Kenzo Tanaka - Diciplina Redes de Computadores 2

Abrindo arquivo '100mb.txt' e preparando para receber os pacotes...
Recebendo pacotes de tamanho 1500...
Ocorreu Timeout
Acabou a transmissão
Tempo de recebimento UDP de um arquivo: 5.00707 segundos
Número de pacotes recebidos: 327
Transmissão finalizada
=============================================================================

