LOG CLIENT UDP
=============================================================================
Inicio da execução: programa que calcula métricas TCP lado cliente
Vinícius Yuji Hara e Eduardo Gabriel Kenzo Tanaka - Diciplina Redes de Computadores 2

Abrindo arquivo '80mb.txt' e preparando para receber os pacotes...
Recebendo pacotes de tamanho 20...
Acabou a transmissão
Tempo de recebimento UDP de um arquivo: 0.15113 segundos
Número de pacotes recebidos: 50001
Transmissão finalizada
=============================================================================

=============================================================================
Inicio da execução: programa que calcula métricas TCP lado cliente
Vinícius Yuji Hara e Eduardo Gabriel Kenzo Tanaka - Diciplina Redes de Computadores 2

Abrindo arquivo '80mb.txt' e preparando para receber os pacotes...
Recebendo pacotes de tamanho 20...
Acabou a transmissão
Tempo de recebimento UDP de um arquivo: 0.13746 segundos
Número de pacotes recebidos: 49739
Transmissão finalizada
=============================================================================

