LOG CLIENT UDP
=============================================================================
Inicio da execução: programa que calcula métricas TCP lado cliente
Vinícius Yuji Hara e Eduardo Gabriel Kenzo Tanaka - Diciplina Redes de Computadores 2

Abrindo arquivo '100mb.txt' e preparando para receber os pacotes...
Recebendo pacotes de tamanho 64000...
Ocorreu Timeout
Acabou a transmissão
Tempo de recebimento UDP de um arquivo: 5.00558 segundos
Número de pacotes recebidos: 8
Transmissão finalizada
=============================================================================

=============================================================================
Inicio da execução: programa que calcula métricas TCP lado cliente
Vinícius Yuji Hara e Eduardo Gabriel Kenzo Tanaka - Diciplina Redes de Computadores 2

Abrindo arquivo '100mb.txt' e preparando para receber os pacotes...
Recebendo pacotes de tamanho 64000...
Ocorreu Timeout
Acabou a transmissão
Tempo de recebimento UDP de um arquivo: 5.00433 segundos
Número de pacotes recebidos: 9
Transmissão finalizada
=============================================================================

=============================================================================
Inicio da execução: programa que calcula métricas TCP lado cliente
Vinícius Yuji Hara e Eduardo Gabriel Kenzo Tanaka - Diciplina Redes de Computadores 2

Abrindo arquivo '100mb.txt' e preparando para receber os pacotes...
Recebendo pacotes de tamanho 64000...
Ocorreu Timeout
Acabou a transmissão
Tempo de recebimento UDP de um arquivo: 5.00572 segundos
Número de pacotes recebidos: 8
Transmissão finalizada
=============================================================================

