LOG SERVER TCP
=============================================================================
Inicio da execução: programa que calcula métricas TCP lado servidor
Vinícius Yuji Hara e Eduardo Gabriel Kenzo Tanaka - Diciplina Redes de Computadores 2

Escutando em 192.168.100.110:8028...
Recebeu conexão em ('192.168.100.110', 51634)
Mandando o arquivo 80mb.txt para cliente TCP
Mandando 10000 bytes por vez... 
Tempo de envio do arquivo do servidor TCP: 0.09042 segundos
Transmissão finalizada
=============================================================================

=============================================================================
Inicio da execução: programa que calcula métricas TCP lado servidor
Vinícius Yuji Hara e Eduardo Gabriel Kenzo Tanaka - Diciplina Redes de Computadores 2

Escutando em 192.168.100.110:8029...
Recebeu conexão em ('192.168.100.110', 34576)
Mandando o arquivo 80mb.txt para cliente TCP
Mandando 10000 bytes por vez... 
Tempo de envio do arquivo do servidor TCP: 0.08436 segundos
Transmissão finalizada
=============================================================================

