LOG SERVER UDP
=============================================================================
Inicio da execução: programa que calcula métricas UDP lado servidor
Vinícius Yuji Hara e Eduardo Gabriel Kenzo Tanaka - Diciplina Redes de Computadores 2

Socket associado em 192.168.100.110:8038...
Mandando o arquivo 100mb.txt para cliente UDP
Mandando 10000 bytes por vez... 
Tempo de envio do arquivo do servidor UDP: 0.12222 segundos
O servidor UDP enviou 10487 e o cliente UDP recebeu 5744
O cliente UDP recebeu 54.77% dos pacotes enviados 
Transmissão finalizada
=============================================================================

=============================================================================
Inicio da execução: programa que calcula métricas UDP lado servidor
Vinícius Yuji Hara e Eduardo Gabriel Kenzo Tanaka - Diciplina Redes de Computadores 2

Socket associado em 192.168.100.110:8039...
Mandando o arquivo 100mb.txt para cliente UDP
Mandando 10000 bytes por vez... 
Tempo de envio do arquivo do servidor UDP: 0.12763 segundos
O servidor UDP enviou 10487 e o cliente UDP recebeu 6409
O cliente UDP recebeu 61.11% dos pacotes enviados 
Transmissão finalizada
=============================================================================

