LOG SERVER TCP
=============================================================================
Inicio da execução: programa que calcula métricas TCP lado servidor
Vinícius Yuji Hara e Eduardo Gabriel Kenzo Tanaka - Diciplina Redes de Computadores 2

Escutando em 192.168.100.110:8008...
Recebeu conexão em ('192.168.100.110', 35088)
Mandando o arquivo 100mb.txt para cliente TCP
Mandando 100 bytes por vez... 
Tempo de envio do arquivo do servidor TCP: 1.55094 segundos
Transmissão finalizada
=============================================================================

=============================================================================
Inicio da execução: programa que calcula métricas TCP lado servidor
Vinícius Yuji Hara e Eduardo Gabriel Kenzo Tanaka - Diciplina Redes de Computadores 2

Escutando em 192.168.100.110:8009...
Recebeu conexão em ('192.168.100.110', 54362)
Mandando o arquivo 100mb.txt para cliente TCP
Mandando 100 bytes por vez... 
Tempo de envio do arquivo do servidor TCP: 1.63251 segundos
Transmissão finalizada
=============================================================================

