LOG SERVER UDP
=============================================================================
Inicio da execução: programa que calcula métricas UDP lado servidor
Vinícius Yuji Hara e Eduardo Gabriel Kenzo Tanaka - Diciplina Redes de Computadores 2

Socket associado em 192.168.100.110:8005...
Mandando o arquivo 100mb.txt para cliente UDP
Mandando 100 bytes por vez... 
Tempo de envio do arquivo do servidor UDP: 15.71508 segundos
O servidor UDP enviou 1048578 e o cliente UDP recebeu 798121
O cliente UDP recebeu 76.11% dos pacotes enviados 
Transmissão finalizada
=============================================================================

=============================================================================
Inicio da execução: programa que calcula métricas UDP lado servidor
Vinícius Yuji Hara e Eduardo Gabriel Kenzo Tanaka - Diciplina Redes de Computadores 2

Socket associado em 192.168.100.110:8006...
Mandando o arquivo 100mb.txt para cliente UDP
Mandando 100 bytes por vez... 
Tempo de envio do arquivo do servidor UDP: 26.92834 segundos
O servidor UDP enviou 1048578 e o cliente UDP recebeu 839186
O cliente UDP recebeu 80.03% dos pacotes enviados 
Transmissão finalizada
=============================================================================

=============================================================================
Inicio da execução: programa que calcula métricas UDP lado servidor
Vinícius Yuji Hara e Eduardo Gabriel Kenzo Tanaka - Diciplina Redes de Computadores 2

Socket associado em 192.168.100.110:8008...
Mandando o arquivo 100mb.txt para cliente UDP
Mandando 100 bytes por vez... 
Tempo de envio do arquivo do servidor UDP: 27.15076 segundos
O servidor UDP enviou 1048578 e o cliente UDP recebeu 823896
O cliente UDP recebeu 78.57% dos pacotes enviados 
Transmissão finalizada
=============================================================================

=============================================================================
Inicio da execução: programa que calcula métricas UDP lado servidor
Vinícius Yuji Hara e Eduardo Gabriel Kenzo Tanaka - Diciplina Redes de Computadores 2

Socket associado em 192.168.100.110:8009...
Mandando o arquivo 100mb.txt para cliente UDP
Mandando 100 bytes por vez... 
Tempo de envio do arquivo do servidor UDP: 26.05079 segundos
O servidor UDP enviou 1048578 e o cliente UDP recebeu 790751
O cliente UDP recebeu 75.41% dos pacotes enviados 
Transmissão finalizada
=============================================================================

=============================================================================
Inicio da execução: programa que calcula métricas UDP lado servidor
Vinícius Yuji Hara e Eduardo Gabriel Kenzo Tanaka - Diciplina Redes de Computadores 2

Socket associado em 192.168.100.110:8007...
Mandando o arquivo 100mb.txt para cliente UDP
Mandando 100 bytes por vez... 
Tempo de envio do arquivo do servidor UDP: 27.64566 segundos
O servidor UDP enviou 1048578 e o cliente UDP recebeu 832938
O cliente UDP recebeu 79.44% dos pacotes enviados 
Transmissão finalizada
=============================================================================

