LOG SERVER TCP
=============================================================================
Inicio da execução: programa que calcula métricas TCP lado servidor
Vinícius Yuji Hara e Eduardo Gabriel Kenzo Tanaka - Diciplina Redes de Computadores 2

Escutando em 192.168.100.110:8013...
Recebeu conexão em ('192.168.100.110', 37230)
Mandando o arquivo 100mb.txt para cliente TCP
Mandando 1024 bytes por vez... 
Tempo de envio do arquivo do servidor TCP: 0.46788 segundos
Transmissão finalizada
=============================================================================

=============================================================================
Inicio da execução: programa que calcula métricas TCP lado servidor
Vinícius Yuji Hara e Eduardo Gabriel Kenzo Tanaka - Diciplina Redes de Computadores 2

Escutando em 192.168.100.110:8014...
Recebeu conexão em ('192.168.100.110', 48342)
Mandando o arquivo 100mb.txt para cliente TCP
Mandando 1024 bytes por vez... 
Tempo de envio do arquivo do servidor TCP: 0.36255 segundos
Transmissão finalizada
=============================================================================

