LOG SERVER UDP
=============================================================================
Inicio da execução: programa que calcula métricas UDP lado servidor
Vinícius Yuji Hara e Eduardo Gabriel Kenzo Tanaka - Diciplina Redes de Computadores 2

Socket associado em 192.168.100.110:8013...
Mandando o arquivo 100mb.txt para cliente UDP
Mandando 1024 bytes por vez... 
Tempo de envio do arquivo do servidor UDP: 3.45337 segundos
O servidor UDP enviou 102402 e o cliente UDP recebeu 70657
O cliente UDP recebeu 69.0% dos pacotes enviados 
Transmissão finalizada
=============================================================================

=============================================================================
Inicio da execução: programa que calcula métricas UDP lado servidor
Vinícius Yuji Hara e Eduardo Gabriel Kenzo Tanaka - Diciplina Redes de Computadores 2

Socket associado em 192.168.100.110:8014...
Mandando o arquivo 100mb.txt para cliente UDP
Mandando 1024 bytes por vez... 
Tempo de envio do arquivo do servidor UDP: 2.59309 segundos
O servidor UDP enviou 102402 e o cliente UDP recebeu 62668
O cliente UDP recebeu 61.2% dos pacotes enviados 
Transmissão finalizada
=============================================================================

=============================================================================
Inicio da execução: programa que calcula métricas UDP lado servidor
Vinícius Yuji Hara e Eduardo Gabriel Kenzo Tanaka - Diciplina Redes de Computadores 2

Socket associado em 192.168.100.110:8012...
Mandando o arquivo 100mb.txt para cliente UDP
Mandando 1024 bytes por vez... 
Tempo de envio do arquivo do servidor UDP: 3.84718 segundos
O servidor UDP enviou 102402 e o cliente UDP recebeu 68106
O cliente UDP recebeu 66.51% dos pacotes enviados 
Transmissão finalizada
=============================================================================

