LOG SERVER UDP
=============================================================================
Inicio da execução: programa que calcula métricas UDP lado servidor
Vinícius Yuji Hara e Eduardo Gabriel Kenzo Tanaka - Diciplina Redes de Computadores 2

Socket associado em 192.168.100.110:8015...
Mandando o arquivo 100mb.txt para cliente UDP
Mandando 1500 bytes por vez... 
Tempo de envio do arquivo do servidor UDP: 2.39499 segundos
O servidor UDP enviou 69907 e o cliente UDP recebeu 39720
O cliente UDP recebeu 56.82% dos pacotes enviados 
Transmissão finalizada
=============================================================================

=============================================================================
Inicio da execução: programa que calcula métricas UDP lado servidor
Vinícius Yuji Hara e Eduardo Gabriel Kenzo Tanaka - Diciplina Redes de Computadores 2

Socket associado em 192.168.100.110:8016...
Mandando o arquivo 100mb.txt para cliente UDP
Mandando 1500 bytes por vez... 
Tempo de envio do arquivo do servidor UDP: 1.57429 segundos
O servidor UDP enviou 69907 e o cliente UDP recebeu 38918
O cliente UDP recebeu 55.67% dos pacotes enviados 
Transmissão finalizada
=============================================================================

=============================================================================
Inicio da execução: programa que calcula métricas UDP lado servidor
Vinícius Yuji Hara e Eduardo Gabriel Kenzo Tanaka - Diciplina Redes de Computadores 2

Socket associado em 192.168.100.110:8018...
Mandando o arquivo 100mb.txt para cliente UDP
Mandando 1500 bytes por vez... 
Tempo de envio do arquivo do servidor UDP: 1.78024 segundos
O servidor UDP enviou 69907 e o cliente UDP recebeu 37660
O cliente UDP recebeu 53.87% dos pacotes enviados 
Transmissão finalizada
=============================================================================

=============================================================================
Inicio da execução: programa que calcula métricas UDP lado servidor
Vinícius Yuji Hara e Eduardo Gabriel Kenzo Tanaka - Diciplina Redes de Computadores 2

Socket associado em 192.168.100.110:8019...
Mandando o arquivo 100mb.txt para cliente UDP
Mandando 1500 bytes por vez... 
Tempo de envio do arquivo do servidor UDP: 1.49431 segundos
O servidor UDP enviou 69907 e o cliente UDP recebeu 38742
O cliente UDP recebeu 55.42% dos pacotes enviados 
Transmissão finalizada
=============================================================================

