LOG SERVER TCP
=============================================================================
Inicio da execução: programa que calcula métricas TCP lado servidor
Vinícius Yuji Hara e Eduardo Gabriel Kenzo Tanaka - Diciplina Redes de Computadores 2

Escutando em 192.168.100.110:8002...
Recebeu conexão em ('192.168.100.110', 35652)
Mandando o arquivo 80mb.txt para cliente TCP
Mandando 20 bytes por vez... 
Tempo de envio do arquivo do servidor TCP: 2.90227 segundos
Transmissão finalizada
=============================================================================

=============================================================================
Inicio da execução: programa que calcula métricas TCP lado servidor
Vinícius Yuji Hara e Eduardo Gabriel Kenzo Tanaka - Diciplina Redes de Computadores 2

Escutando em 192.168.100.110:8003...
Recebeu conexão em ('192.168.100.110', 38638)
Mandando o arquivo 80mb.txt para cliente TCP
Mandando 20 bytes por vez... 
Tempo de envio do arquivo do servidor TCP: 3.49784 segundos
Transmissão finalizada
=============================================================================

=============================================================================
Inicio da execução: programa que calcula métricas TCP lado servidor
Vinícius Yuji Hara e Eduardo Gabriel Kenzo Tanaka - Diciplina Redes de Computadores 2

Escutando em 192.168.100.110:8004...
Recebeu conexão em ('192.168.100.110', 46938)
Mandando o arquivo 80mb.txt para cliente TCP
Mandando 20 bytes por vez... 
Tempo de envio do arquivo do servidor TCP: 4.06289 segundos
Transmissão finalizada
=============================================================================

