LOG SERVER UDP
=============================================================================
Inicio da execução: programa que calcula métricas UDP lado servidor
Vinícius Yuji Hara e Eduardo Gabriel Kenzo Tanaka - Diciplina Redes de Computadores 2

Socket associado em 192.168.100.110:8028...
Mandando o arquivo 100mb.txt para cliente UDP
Mandando 4000 bytes por vez... 
Tempo de envio do arquivo do servidor UDP: 0.21668 segundos
O servidor UDP enviou 26216 e o cliente UDP recebeu 16280
O cliente UDP recebeu 62.1% dos pacotes enviados 
Transmissão finalizada
=============================================================================

=============================================================================
Inicio da execução: programa que calcula métricas UDP lado servidor
Vinícius Yuji Hara e Eduardo Gabriel Kenzo Tanaka - Diciplina Redes de Computadores 2

Socket associado em 192.168.100.110:8026...
Mandando o arquivo 100mb.txt para cliente UDP
Mandando 4000 bytes por vez... 
Tempo de envio do arquivo do servidor UDP: 0.26237 segundos
O servidor UDP enviou 26216 e o cliente UDP recebeu 14352
O cliente UDP recebeu 54.75% dos pacotes enviados 
Transmissão finalizada
=============================================================================

=============================================================================
Inicio da execução: programa que calcula métricas UDP lado servidor
Vinícius Yuji Hara e Eduardo Gabriel Kenzo Tanaka - Diciplina Redes de Computadores 2

Socket associado em 192.168.100.110:8029...
Mandando o arquivo 100mb.txt para cliente UDP
Mandando 4000 bytes por vez... 
Tempo de envio do arquivo do servidor UDP: 0.17265 segundos
O servidor UDP enviou 26216 e o cliente UDP recebeu 14030
O cliente UDP recebeu 53.52% dos pacotes enviados 
Transmissão finalizada
=============================================================================

