LOG SERVER TCP
=============================================================================
Inicio da execução: programa que calcula métricas TCP lado servidor
Vinícius Yuji Hara e Eduardo Gabriel Kenzo Tanaka - Diciplina Redes de Computadores 2

Escutando em 192.168.100.110:8033...
Recebeu conexão em ('192.168.100.110', 47518)
Mandando o arquivo 100mb.txt para cliente TCP
Mandando 5000 bytes por vez... 
Tempo de envio do arquivo do servidor TCP: 0.22283 segundos
Transmissão finalizada
=============================================================================

=============================================================================
Inicio da execução: programa que calcula métricas TCP lado servidor
Vinícius Yuji Hara e Eduardo Gabriel Kenzo Tanaka - Diciplina Redes de Computadores 2

Escutando em 192.168.100.110:8034...
Recebeu conexão em ('192.168.100.110', 51068)
Mandando o arquivo 100mb.txt para cliente TCP
Mandando 5000 bytes por vez... 
Tempo de envio do arquivo do servidor TCP: 0.41021 segundos
Transmissão finalizada
=============================================================================

