LOG SERVER UDP
=============================================================================
Inicio da execução: programa que calcula métricas UDP lado servidor
Vinícius Yuji Hara e Eduardo Gabriel Kenzo Tanaka - Diciplina Redes de Computadores 2

Socket associado em 192.168.100.110:8043...
Mandando o arquivo 100mb.txt para cliente UDP
Mandando 64000 bytes por vez... 
Tempo de envio do arquivo do servidor UDP: 0.04922 segundos
O servidor UDP enviou 1640 e o cliente UDP recebeu 539
O cliente UDP recebeu 32.87% dos pacotes enviados 
Transmissão finalizada
=============================================================================

=============================================================================
Inicio da execução: programa que calcula métricas UDP lado servidor
Vinícius Yuji Hara e Eduardo Gabriel Kenzo Tanaka - Diciplina Redes de Computadores 2

Socket associado em 192.168.100.110:8041...
Mandando o arquivo 100mb.txt para cliente UDP
Mandando 64000 bytes por vez... 
Tempo de envio do arquivo do servidor UDP: 0.05032 segundos
O servidor UDP enviou 1640 e o cliente UDP recebeu 653
O cliente UDP recebeu 39.82% dos pacotes enviados 
Transmissão finalizada
=============================================================================

=============================================================================
Inicio da execução: programa que calcula métricas UDP lado servidor
Vinícius Yuji Hara e Eduardo Gabriel Kenzo Tanaka - Diciplina Redes de Computadores 2

Socket associado em 192.168.100.110:8042...
Mandando o arquivo 100mb.txt para cliente UDP
Mandando 64000 bytes por vez... 
Tempo de envio do arquivo do servidor UDP: 0.05178 segundos
O servidor UDP enviou 1640 e o cliente UDP recebeu 622
O cliente UDP recebeu 37.93% dos pacotes enviados 
Transmissão finalizada
=============================================================================

=============================================================================
Inicio da execução: programa que calcula métricas UDP lado servidor
Vinícius Yuji Hara e Eduardo Gabriel Kenzo Tanaka - Diciplina Redes de Computadores 2

Socket associado em 192.168.100.110:8044...
Mandando o arquivo 100mb.txt para cliente UDP
Mandando 64000 bytes por vez... 
Tempo de envio do arquivo do servidor UDP: 0.10506 segundos
O servidor UDP enviou 1640 e o cliente UDP recebeu 305
O cliente UDP recebeu 18.6% dos pacotes enviados 
Transmissão finalizada
=============================================================================

