LOG CLIENT UDP
=============================================================================
Inicio da execução: programa que calcula métricas TCP lado cliente
Vinícius Yuji Hara e Eduardo Gabriel Kenzo Tanaka - Diciplina Redes de Computadores 2

Abrindo arquivo '80mb.txt' e preparando para receber os pacotes...
Recebendo pacotes de tamanho 10000...
Acabou a transmissão
Tempo de recebimento UDP de um arquivo: 0.07488 segundos
Número de pacotes recebidos: 4638
Transmissão finalizada
=============================================================================

=============================================================================
Inicio da execução: programa que calcula métricas TCP lado cliente
Vinícius Yuji Hara e Eduardo Gabriel Kenzo Tanaka - Diciplina Redes de Computadores 2

Abrindo arquivo '80mb.txt' e preparando para receber os pacotes...
Recebendo pacotes de tamanho 10000...
Acabou a transmissão
Tempo de recebimento UDP de um arquivo: 0.05631 segundos
Número de pacotes recebidos: 4698
Transmissão finalizada
=============================================================================

