LOG CLIENT UDP
=============================================================================
Inicio da execução: programa que calcula métricas TCP lado cliente
Vinícius Yuji Hara e Eduardo Gabriel Kenzo Tanaka - Diciplina Redes de Computadores 2

Abrindo arquivo '80mb.txt' e preparando para receber os pacotes...
Recebendo pacotes de tamanho 100...
Acabou a transmissão
Tempo de recebimento UDP de um arquivo: 8.11069 segundos
Número de pacotes recebidos: 568119
Transmissão finalizada
=============================================================================

=============================================================================
Inicio da execução: programa que calcula métricas TCP lado cliente
Vinícius Yuji Hara e Eduardo Gabriel Kenzo Tanaka - Diciplina Redes de Computadores 2

Abrindo arquivo '80mb.txt' e preparando para receber os pacotes...
Recebendo pacotes de tamanho 100...
Acabou a transmissão
Tempo de recebimento UDP de um arquivo: 11.65862 segundos
Número de pacotes recebidos: 609724
Transmissão finalizada
=============================================================================

=============================================================================
Inicio da execução: programa que calcula métricas TCP lado cliente
Vinícius Yuji Hara e Eduardo Gabriel Kenzo Tanaka - Diciplina Redes de Computadores 2

Abrindo arquivo '80mb.txt' e preparando para receber os pacotes...
Recebendo pacotes de tamanho 100...
Acabou a transmissão
Tempo de recebimento UDP de um arquivo: 9.98519 segundos
Número de pacotes recebidos: 569120
Transmissão finalizada
=============================================================================

=============================================================================
Inicio da execução: programa que calcula métricas TCP lado cliente
Vinícius Yuji Hara e Eduardo Gabriel Kenzo Tanaka - Diciplina Redes de Computadores 2

Abrindo arquivo '80mb.txt' e preparando para receber os pacotes...
Recebendo pacotes de tamanho 100...
Acabou a transmissão
Tempo de recebimento UDP de um arquivo: 8.97088 segundos
Número de pacotes recebidos: 603301
Transmissão finalizada
=============================================================================

