LOG CLIENT UDP
=============================================================================
Inicio da execução: programa que calcula métricas TCP lado cliente
Vinícius Yuji Hara e Eduardo Gabriel Kenzo Tanaka - Diciplina Redes de Computadores 2

Abrindo arquivo '100mb.txt' e preparando para receber os pacotes...
Recebendo pacotes de tamanho 1500...
Ocorreu Timeout
Acabou a transmissão
Tempo de recebimento UDP de um arquivo: 7.38028 segundos
Número de pacotes recebidos: 39720
Transmissão finalizada
=============================================================================

=============================================================================
Inicio da execução: programa que calcula métricas TCP lado cliente
Vinícius Yuji Hara e Eduardo Gabriel Kenzo Tanaka - Diciplina Redes de Computadores 2

Abrindo arquivo '100mb.txt' e preparando para receber os pacotes...
Recebendo pacotes de tamanho 1500...
Ocorreu Timeout
Acabou a transmissão
Tempo de recebimento UDP de um arquivo: 6.55101 segundos
Número de pacotes recebidos: 38918
Transmissão finalizada
=============================================================================

=============================================================================
Inicio da execução: programa que calcula métricas TCP lado cliente
Vinícius Yuji Hara e Eduardo Gabriel Kenzo Tanaka - Diciplina Redes de Computadores 2

Abrindo arquivo '100mb.txt' e preparando para receber os pacotes...
Recebendo pacotes de tamanho 1500...
Acabou a transmissão
Tempo de recebimento UDP de um arquivo: 1.75064 segundos
Número de pacotes recebidos: 37660
Transmissão finalizada
=============================================================================

=============================================================================
Inicio da execução: programa que calcula métricas TCP lado cliente
Vinícius Yuji Hara e Eduardo Gabriel Kenzo Tanaka - Diciplina Redes de Computadores 2

Abrindo arquivo '100mb.txt' e preparando para receber os pacotes...
Recebendo pacotes de tamanho 1500...
Ocorreu Timeout
Acabou a transmissão
Tempo de recebimento UDP de um arquivo: 6.47848 segundos
Número de pacotes recebidos: 38742
Transmissão finalizada
=============================================================================

