LOG CLIENT TCP
=============================================================================
Inicio da execução: programa que calcula métricas TCP lado cliente
Vinícius Yuji Hara e Eduardo Gabriel Kenzo Tanaka - Diciplina Redes de Computadores 2

Cliente conectando com o servidor...
Conectado com sucesso!
Abrindo arquivo '80mb.txt' e preparando para receber os pacotes...
Recebendo pacotes de tamanho 20...
Acabou a transmissão
Tempo de recebimento TCP de dados: 2.92867 segundos
Transmissão finalizada
=============================================================================

=============================================================================
Inicio da execução: programa que calcula métricas TCP lado cliente
Vinícius Yuji Hara e Eduardo Gabriel Kenzo Tanaka - Diciplina Redes de Computadores 2

Cliente conectando com o servidor...
Conectado com sucesso!
Abrindo arquivo '80mb.txt' e preparando para receber os pacotes...
Recebendo pacotes de tamanho 20...
Acabou a transmissão
Tempo de recebimento TCP de dados: 3.51915 segundos
Transmissão finalizada
=============================================================================

=============================================================================
Inicio da execução: programa que calcula métricas TCP lado cliente
Vinícius Yuji Hara e Eduardo Gabriel Kenzo Tanaka - Diciplina Redes de Computadores 2

Cliente conectando com o servidor...
Conectado com sucesso!
Abrindo arquivo '80mb.txt' e preparando para receber os pacotes...
Recebendo pacotes de tamanho 20...
Acabou a transmissão
Tempo de recebimento TCP de dados: 4.05276 segundos
Transmissão finalizada
=============================================================================

