LOG CLIENT UDP
=============================================================================
Inicio da execução: programa que calcula métricas TCP lado cliente
Vinícius Yuji Hara e Eduardo Gabriel Kenzo Tanaka - Diciplina Redes de Computadores 2

Abrindo arquivo '100mb.txt' e preparando para receber os pacotes...
Recebendo pacotes de tamanho 4000...
Acabou a transmissão
Tempo de recebimento UDP de um arquivo: 0.20824 segundos
Número de pacotes recebidos: 16280
Transmissão finalizada
=============================================================================

=============================================================================
Inicio da execução: programa que calcula métricas TCP lado cliente
Vinícius Yuji Hara e Eduardo Gabriel Kenzo Tanaka - Diciplina Redes de Computadores 2

Abrindo arquivo '100mb.txt' e preparando para receber os pacotes...
Recebendo pacotes de tamanho 4000...
Ocorreu Timeout
Acabou a transmissão
Tempo de recebimento UDP de um arquivo: 5.25475 segundos
Número de pacotes recebidos: 14352
Transmissão finalizada
=============================================================================

=============================================================================
Inicio da execução: programa que calcula métricas TCP lado cliente
Vinícius Yuji Hara e Eduardo Gabriel Kenzo Tanaka - Diciplina Redes de Computadores 2

Abrindo arquivo '100mb.txt' e preparando para receber os pacotes...
Recebendo pacotes de tamanho 4000...
Acabou a transmissão
Tempo de recebimento UDP de um arquivo: 0.16476 segundos
Número de pacotes recebidos: 14030
Transmissão finalizada
=============================================================================

