LOG CLIENT TCP
=============================================================================
Inicio da execução: programa que calcula métricas TCP lado cliente
Vinícius Yuji Hara e Eduardo Gabriel Kenzo Tanaka - Diciplina Redes de Computadores 2

Cliente conectando com o servidor...
Conectado com sucesso!
Abrindo arquivo '80mb.txt' e preparando para receber os pacotes...
Recebendo pacotes de tamanho 64000...
Acabou a transmissão
Tempo de recebimento TCP de dados: 0.06764 segundos
Transmissão finalizada
=============================================================================

=============================================================================
Inicio da execução: programa que calcula métricas TCP lado cliente
Vinícius Yuji Hara e Eduardo Gabriel Kenzo Tanaka - Diciplina Redes de Computadores 2

Cliente conectando com o servidor...
Conectado com sucesso!
Abrindo arquivo '80mb.txt' e preparando para receber os pacotes...
Recebendo pacotes de tamanho 64000...
Acabou a transmissão
Tempo de recebimento TCP de dados: 0.05503 segundos
Transmissão finalizada
=============================================================================

