LOG CLIENT UDP
=============================================================================
Inicio da execução: programa que calcula métricas TCP lado cliente
Vinícius Yuji Hara e Eduardo Gabriel Kenzo Tanaka - Diciplina Redes de Computadores 2

Abrindo arquivo '80mb.txt' e preparando para receber os pacotes...
Recebendo pacotes de tamanho 64000...
Acabou a transmissão
Tempo de recebimento UDP de um arquivo: 0.02634 segundos
Número de pacotes recebidos: 434
Transmissão finalizada
=============================================================================

=============================================================================
Inicio da execução: programa que calcula métricas TCP lado cliente
Vinícius Yuji Hara e Eduardo Gabriel Kenzo Tanaka - Diciplina Redes de Computadores 2

Abrindo arquivo '80mb.txt' e preparando para receber os pacotes...
Recebendo pacotes de tamanho 64000...
Ocorreu Timeout
Acabou a transmissão
Tempo de recebimento UDP de um arquivo: 5.02502 segundos
Número de pacotes recebidos: 479
Transmissão finalizada
=============================================================================

