LOG SERVER UDP
=============================================================================
Inicio da execução: programa que calcula métricas UDP lado servidor
Vinícius Yuji Hara e Eduardo Gabriel Kenzo Tanaka - Diciplina Redes de Computadores 2

Socket associado em 192.168.100.110:8028...
Mandando um dado de 1000000 bytes em memória principal para o cliente UDP
Mandando 10000 bytes por vez... 
mandando EOF
Tempo de envio do servidor UDP de 1000000 bytes em memoria principal: 0.00055
O servidor UDP enviou 101 e o cliente UDP recebeu 63
O cliente UDP recebeu 62.38% dos pacotes enviados 
Transmissão finalizada
=============================================================================

=============================================================================
Inicio da execução: programa que calcula métricas UDP lado servidor
Vinícius Yuji Hara e Eduardo Gabriel Kenzo Tanaka - Diciplina Redes de Computadores 2

Socket associado em 192.168.100.110:8026...
Mandando um dado de 1000000 bytes em memória principal para o cliente UDP
Mandando 10000 bytes por vez... 
mandando EOF
Tempo de envio do servidor UDP de 1000000 bytes em memoria principal: 0.00063
O servidor UDP enviou 101 e o cliente UDP recebeu 50
O cliente UDP recebeu 49.5% dos pacotes enviados 
Transmissão finalizada
=============================================================================

=============================================================================
Inicio da execução: programa que calcula métricas UDP lado servidor
Vinícius Yuji Hara e Eduardo Gabriel Kenzo Tanaka - Diciplina Redes de Computadores 2

Socket associado em 192.168.100.110:8029...
Mandando um dado de 1000000 bytes em memória principal para o cliente UDP
Mandando 10000 bytes por vez... 
mandando EOF
Tempo de envio do servidor UDP de 1000000 bytes em memoria principal: 0.00053
O servidor UDP enviou 101 e o cliente UDP recebeu 53
O cliente UDP recebeu 52.48% dos pacotes enviados 
Transmissão finalizada
=============================================================================

