LOG SERVER UDP
=============================================================================
Inicio da execução: programa que calcula métricas UDP lado servidor
Vinícius Yuji Hara e Eduardo Gabriel Kenzo Tanaka - Diciplina Redes de Computadores 2

Socket associado em 192.168.100.110:8008...
Mandando um dado de 1000000 bytes em memória principal para o cliente UDP
Mandando 100 bytes por vez... 
mandando EOF
Tempo de envio do servidor UDP de 1000000 bytes em memoria principal: 0.03405
O servidor UDP enviou 10001 e o cliente UDP recebeu 8855
O cliente UDP recebeu 88.54% dos pacotes enviados 
Transmissão finalizada
=============================================================================

=============================================================================
Inicio da execução: programa que calcula métricas UDP lado servidor
Vinícius Yuji Hara e Eduardo Gabriel Kenzo Tanaka - Diciplina Redes de Computadores 2

Socket associado em 192.168.100.110:8009...
Mandando um dado de 1000000 bytes em memória principal para o cliente UDP
Mandando 100 bytes por vez... 
mandando EOF
Tempo de envio do servidor UDP de 1000000 bytes em memoria principal: 0.03955
O servidor UDP enviou 10001 e o cliente UDP recebeu 8214
O cliente UDP recebeu 82.13% dos pacotes enviados 
Transmissão finalizada
=============================================================================

