LOG SERVER UDP
=============================================================================
Inicio da execução: programa que calcula métricas UDP lado servidor
Vinícius Yuji Hara e Eduardo Gabriel Kenzo Tanaka - Diciplina Redes de Computadores 2

Socket associado em 192.168.100.110:8018...
Mandando um dado de 1000000 bytes em memória principal para o cliente UDP
Mandando 1500 bytes por vez... 
mandando EOF
Tempo de envio do servidor UDP de 1000000 bytes em memoria principal: 0.00292
O servidor UDP enviou 668 e o cliente UDP recebeu 668
O cliente UDP recebeu 100.0% dos pacotes enviados 
Transmissão finalizada
=============================================================================

=============================================================================
Inicio da execução: programa que calcula métricas UDP lado servidor
Vinícius Yuji Hara e Eduardo Gabriel Kenzo Tanaka - Diciplina Redes de Computadores 2

Socket associado em 192.168.100.110:8019...
Mandando um dado de 1000000 bytes em memória principal para o cliente UDP
Mandando 1500 bytes por vez... 
mandando EOF
Tempo de envio do servidor UDP de 1000000 bytes em memoria principal: 0.00234
O servidor UDP enviou 668 e o cliente UDP recebeu 475
O cliente UDP recebeu 71.11% dos pacotes enviados 
Transmissão finalizada
=============================================================================

=============================================================================
Inicio da execução: programa que calcula métricas UDP lado servidor
Vinícius Yuji Hara e Eduardo Gabriel Kenzo Tanaka - Diciplina Redes de Computadores 2

Socket associado em 192.168.100.110:8017...
Mandando um dado de 1000000 bytes em memória principal para o cliente UDP
Mandando 1500 bytes por vez... 
mandando EOF
Tempo de envio do servidor UDP de 1000000 bytes em memoria principal: 0.00204
O servidor UDP enviou 668 e o cliente UDP recebeu 327
O cliente UDP recebeu 48.95% dos pacotes enviados 
Transmissão finalizada
=============================================================================

