LOG SERVER TCP
=============================================================================
Inicio da execução: programa que calcula métricas TCP lado servidor
Vinícius Yuji Hara e Eduardo Gabriel Kenzo Tanaka - Diciplina Redes de Computadores 2

Escutando em 192.168.100.110:8003...
Recebeu conexão em ('192.168.100.110', 55706)
Mandando um dado de 1000000 bytes em memória principal para o cliente TCP
Mandando 20 bytes por vez... 
Tempo de envio do servidor UDP de 1000000 bytes em memoria principal: 0.04017 segundos
Transmissão finalizada
=============================================================================

=============================================================================
Inicio da execução: programa que calcula métricas TCP lado servidor
Vinícius Yuji Hara e Eduardo Gabriel Kenzo Tanaka - Diciplina Redes de Computadores 2

Escutando em 192.168.100.110:8004...
Recebeu conexão em ('192.168.100.110', 34760)
Mandando um dado de 1000000 bytes em memória principal para o cliente TCP
Mandando 20 bytes por vez... 
Tempo de envio do servidor UDP de 1000000 bytes em memoria principal: 0.0471 segundos
Transmissão finalizada
=============================================================================

