LOG SERVER UDP
=============================================================================
Inicio da execução: programa que calcula métricas UDP lado servidor
Vinícius Yuji Hara e Eduardo Gabriel Kenzo Tanaka - Diciplina Redes de Computadores 2

Socket associado em 192.168.100.110:8003...
Mandando um dado de 1000000 bytes em memória principal para o cliente UDP
Mandando 20 bytes por vez... 
mandando EOF
Tempo de envio do servidor UDP de 1000000 bytes em memoria principal: 0.15122
O servidor UDP enviou 50001 e o cliente UDP recebeu 50001
O cliente UDP recebeu 100.0% dos pacotes enviados 
Transmissão finalizada
=============================================================================

=============================================================================
Inicio da execução: programa que calcula métricas UDP lado servidor
Vinícius Yuji Hara e Eduardo Gabriel Kenzo Tanaka - Diciplina Redes de Computadores 2

Socket associado em 192.168.100.110:8004...
Mandando um dado de 1000000 bytes em memória principal para o cliente UDP
Mandando 20 bytes por vez... 
mandando EOF
Tempo de envio do servidor UDP de 1000000 bytes em memoria principal: 0.1375
O servidor UDP enviou 50001 e o cliente UDP recebeu 49739
O cliente UDP recebeu 99.48% dos pacotes enviados 
Transmissão finalizada
=============================================================================

