LOG SERVER UDP
=============================================================================
Inicio da execução: programa que calcula métricas UDP lado servidor
Vinícius Yuji Hara e Eduardo Gabriel Kenzo Tanaka - Diciplina Redes de Computadores 2

Socket associado em 192.168.100.110:8028...
Mandando um dado de 1000000 bytes em memória principal para o cliente UDP
Mandando 4000 bytes por vez... 
mandando EOF
Tempo de envio do servidor UDP de 1000000 bytes em memoria principal: 0.00122
O servidor UDP enviou 251 e o cliente UDP recebeu 140
O cliente UDP recebeu 55.78% dos pacotes enviados 
Transmissão finalizada
=============================================================================

=============================================================================
Inicio da execução: programa que calcula métricas UDP lado servidor
Vinícius Yuji Hara e Eduardo Gabriel Kenzo Tanaka - Diciplina Redes de Computadores 2

Socket associado em 192.168.100.110:8026...
Mandando um dado de 1000000 bytes em memória principal para o cliente UDP
Mandando 4000 bytes por vez... 
mandando EOF
Tempo de envio do servidor UDP de 1000000 bytes em memoria principal: 0.00078
O servidor UDP enviou 251 e o cliente UDP recebeu 88
O cliente UDP recebeu 35.06% dos pacotes enviados 
Transmissão finalizada
=============================================================================

=============================================================================
Inicio da execução: programa que calcula métricas UDP lado servidor
Vinícius Yuji Hara e Eduardo Gabriel Kenzo Tanaka - Diciplina Redes de Computadores 2

Socket associado em 192.168.100.110:8029...
Mandando um dado de 1000000 bytes em memória principal para o cliente UDP
Mandando 4000 bytes por vez... 
mandando EOF
Tempo de envio do servidor UDP de 1000000 bytes em memoria principal: 0.00091
O servidor UDP enviou 251 e o cliente UDP recebeu 95
O cliente UDP recebeu 37.85% dos pacotes enviados 
Transmissão finalizada
=============================================================================

