LOG SERVER UDP
=============================================================================
Inicio da execução: programa que calcula métricas UDP lado servidor
Vinícius Yuji Hara e Eduardo Gabriel Kenzo Tanaka - Diciplina Redes de Computadores 2

Socket associado em 192.168.100.110:8032...
Mandando um dado de 1000000 bytes em memória principal para o cliente UDP
Mandando 64000 bytes por vez... 
mandando EOF
Tempo de envio do servidor UDP de 1000000 bytes em memoria principal: 0.0002
O servidor UDP enviou 17 e o cliente UDP recebeu 7
O cliente UDP recebeu 41.18% dos pacotes enviados 
Transmissão finalizada
=============================================================================

=============================================================================
Inicio da execução: programa que calcula métricas UDP lado servidor
Vinícius Yuji Hara e Eduardo Gabriel Kenzo Tanaka - Diciplina Redes de Computadores 2

Socket associado em 192.168.100.110:8033...
Mandando um dado de 1000000 bytes em memória principal para o cliente UDP
Mandando 64000 bytes por vez... 
mandando EOF
Tempo de envio do servidor UDP de 1000000 bytes em memoria principal: 0.00036
O servidor UDP enviou 17 e o cliente UDP recebeu 10
O cliente UDP recebeu 58.82% dos pacotes enviados 
Transmissão finalizada
=============================================================================

=============================================================================
Inicio da execução: programa que calcula métricas UDP lado servidor
Vinícius Yuji Hara e Eduardo Gabriel Kenzo Tanaka - Diciplina Redes de Computadores 2

Socket associado em 192.168.100.110:8034...
Mandando um dado de 1000000 bytes em memória principal para o cliente UDP
Mandando 64000 bytes por vez... 
mandando EOF
Tempo de envio do servidor UDP de 1000000 bytes em memoria principal: 0.00025
O servidor UDP enviou 17 e o cliente UDP recebeu 8
O cliente UDP recebeu 47.06% dos pacotes enviados 
Transmissão finalizada
=============================================================================

